Modem_Id,User_IF,Modem_IF,Storage_IF,Diag_IF
0408:ea02,2,0,"",1
0408:ea03,2,0,"",1
0408:ea04,2,0,"",1
0408:ea05,2,0,"",1
0408:ea06,2,0,"",1
0408:ea16,1,2,4,0
0408:ea26,1,2,4,0
0408:ea42,2,3,0,1
0408:ea47,0,3,5,""
05c6:00a0,2,0,-,1
05c6:3100,-,0,-,-
05c6:3196,-,0,-,-
05c6:3197,-,0,-,1
05c6:6000,2,0,4,1
05c6:6500,2,0,-,1
05c6:9000,-,3,2,1
07d1:3e01,2,0,4,1
07d1:3e02,2,0,4,1
07d1:7e07,"",3,"",""
07d1:7e0c,2,0,"",""
07d1:7e11,1,3,2,""
0930:0d45,2,0,"",""
0af0:4005,2,1,"",""
0af0:6901,"",0,-,""
0af0:6901,"",0,"",""
0b3c:c000,2,0,-,1
0b3c:c001,2,0,-,1
0b3c:c002,2,0,-,1
0b3c:c003,"",5,4,""
0b3c:c004,"",0,"",""
0b3c:c005,"",0,"",""
0b3c:c00a,"",5,4,""
0b3c:c00b,1,3,2,0
0bdb:1900,"",1,"",""
0bdb:1902,"",1,"",""
0bdb:1904,"",1,"",""
0bdb:1905,"",1,"",""
0bdb:1906,"",1,"",""
0bdb:1907,"",1,"",""
0bdb:1909,"",1,"",""
0bdb:190a,"",1,"",""
0bdb:190d,"",1,"",""
0bdb:190e,"",1,"",""
0bdb:190f,"",1,"",""
0bdb:1910,"",1,"",""
0c88:17da,"",0,"",""
0c88:180a,"",0,"",""
0e8d:00a1,1,0,-,2
0e8d:00a2,1,0,-,2
0e8d:00a4,2,0,"",""
0e8d:00a5,3,2,6,5
0e8d:00a7,3,2,6,5
0f3d:68aa,3,4,9,1
1004:618f,0,2,-,1
1004:6326,0,2,"",1
106c:3711,"",0,3,""
106c:3714,"",0,3,""
106c:3715,2,0,3,1
106c:3716,"",0,5,""
106c:3717,"",0,"",""
106c:3718,"",0,6,2
106c:3721,"",0,6,2
1199:0017,3,4,"",1
1199:0018,3,4,"",1
1199:0019,3,4,"",1
1199:0020,3,4,"",1
1199:0021,3,4,"",1
1199:0022,3,4,"",1
1199:0023,3,4,"",1
1199:0024,3,4,"",1
1199:0025,3,4,"",1
1199:0027,3,4,9,1
1199:0028,3,4,"",1
1199:0112,3,4,"",1
1199:0120,3,4,"",1
1199:0218,3,4,"",1
1199:0220,3,4,"",1
1199:0224,3,4,"",1
1199:0301,3,4,"",1
1199:,3,4,9,1
1199:6802,"",0,"",""
1199:6803,"",0,"",""
1199:6804,"",0,"",""
1199:6805,"",0,"",""
1199:6808,"",0,"",""
1199:6809,"",0,"",""
1199:6812,"",0,"",""
1199:6813,"",0,"",""
1199:6815,"",0,"",""
1199:6816,"",0,"",""
1199:6832,"",0,"",""
1199:6833,"",0,"",""
1199:6834,"",0,"",""
1199:6835,"",0,"",""
1199:6838,"",0,"",""
1199:6839,"",0,"",""
1199:6850,"",0,"",""
1199:6851,"",0,"",""
1199:6852,"",0,"",""
1199:6853,"",0,"",""
1199:6855,"",0,"",""
1199:6856,"",0,"",""
1199:6859,"",0,"",""
1199:685a,"",0,"",""
1199:6880,"",3,"",""
1199:6890,"",3,"",""
1199:68a3,3,4,-,1
1199:68a3,3,4,9,1
1199:68a5,1,2,9,""
1199:68aa,3,4,9,1
1199:9011,"",2,"",""
1199:9013,"",2,"",""
1266:1009,2,0,3,1
12d1:1001,2,0,3,1
12d1:1001,2,0,"3 & 4",1
12d1:1001,2,0,3&4,1
12d1:1003,1,0,2,-
12d1:1004,2,0,.,1
12d1:1009,"",0,2,""
12d1:1034,1,0,2,-
12d1:1035,"",0,2,""
12d1:1401,2,3,1,0
12d1:1404,2,0,N/A,1
12d1:1406,1,0,3,-
12d1:140b,2,0,3,1
12d1:140c,3,0,"4 & 5",2
12d1:140c,3,0,"4 & 5",3
12d1:1411,2,0,5,1
12d1:1412,2,0,"",1
12d1:1413,3,0,5,2
12d1:1417,3,0,5,2
12d1:141b,1,0,2,-
12d1:1429,2,0,3&4,-
12d1:142d,2,3&4,1,0
12d1:1433,4,0,"",3
12d1:1436,4,0,"5 & 6",3
12d1:1444,2,0,3,""
12d1:1464,4,0,5,3
12d1:1465,4,0,"5 & 6",3
12d1:14a5,3,0,"",2
12d1:14a8,2,0,"3 & 4",1
12d1:14aa,3,0,4,2
12d1:14ac,4,0,"5 & 6",3
12d1:14ae,0,2,"",""
12d1:14c6,4,0,"5 & 6",3
12d1:14c8,2,0,"5 & 6",1
12d1:14c9,-,0,4,3
12d1:14ca,-,0,4,3
12d1:14cb,4,0,"",3
12d1:14cc,4,0,"5 & 6",3
12d1:14cf,3,0,4,2
12d1:14d2,4,0,"",3
12d1:14db,0,1,"",""
12d1:1506,0,1,3&4,-
12d1:1506,0,1,"4 & 5",-
12d1:1506,1,0,"3 & 4",-
12d1:1506,3,0,4,-
12d1:1506,3,0,"4 & 5",""
12d1:1506,4,0,"5 & 6",""
12d1:1506,4,0,5&6,""
12d1:150c,1,2,"5 & 6",0
12d1:150f,4,0,"5 & 6",""
12d1:151b,0,2&3,4,1
12d1:151d,3,0,"4 & 5",2
12d1:156c,1,0,3,""
12d1:1570,1,0,-,2
12d1:15b1,1,0,4,-
12d1:1805,"",0,2,""
12d1:1c05,2,0,"3 & 4",1
12d1:1c07,3,0,"4 & 5",2
12d1:1c08,1,0,2,-
12d1:1c10,2,0,4&5,1
12d1:1c23,3,2,4,1
1410:1400,"",0,"",""
1410:1410,"",0,"",""
1410:2110,"",0,"",""
1410:2410,1,0,"",2
1410:2420,1,0,"",2
1410:4100,1,0,4,2
1410:4400,1,0,"",2
1410:6000,1,0,"4 & 5",2
1410:6002,1,0,"",2
1410:7001,1,0,5,2
1410:7003,1,0,5,2
1410:7030,1,0,5,2
1410:7031,1,0,5,2
1410:7042,1,0,5,2
1410:9010,1,0,"",""
1410:a001,1,0,-,""
1410:b001,1,0,"",""
1410:b005,1,0,"",2
15eb:7152,4,0,3,1
1614:0800,"",0,"",""
1614:0802,"",0,"",""
1614:7002,"",0,"",""
"16d5:6202   16d5:6502","",0,-,""
16d5:6202,2,0,-,1
16d5:6501,1,0,-,""
16d5:6502,2,0,-,1
16d5:6603,"",0,-,""
16d8:,"",0,"",2
16d8:5533,"",0,-,2
16d8:5543,"",0,-,2
16d8:5553,"",0,-,2
16d8:6002,-,0,-,1
16d8:6006,1,0,"",2
16d8:6007,-,1,-,2
16d8:6008,3,1,-,2
16d8:6280,-,1,-,2
16d8:6281,2,0,4,1
16d8:6522,"",0,"",2
16d8:6523,"",0,-,2
16d8:6532,"",0,-,2
16d8:6533,1,0,"",2
16d8:6543,1,0,"",2
16d8:6803,-,0,"3 & 4",1
16d8:6803,-,0,3&4,1
16d8:6804,"",1,"",2
16d8:7001,-,1,-,2
16d8:7003,0,3,2,1
16d8:7006,0,4,3,1
16d8:700a,1,3,2,0
16d8:7211,3,1,4,2
1726:1000,"",0,"",1
1726:a000,"",3,4,""
198a:0002,3,0,1,2
19d2:0001,2,0,-,1
19d2:0002,4,2,-,3
19d2:0003,2,0,4,1
19d2:0015,3,1,0,2
19d2:0016,1,2,-,0
19d2:0017,1,2,4,0
19d2:0019,2,3,5,0
19d2:0022,1,0,"",""
19d2:0031,1,3,2,0
19d2:0033,1,4,-,0
19d2:0034,1,4,"",0
19d2:0037,1,3,2,""
19d2:0037,1,3,2,0
19d2:0039,1,3,2,0
19d2:0042,1,3,2,0
19d2:0052,1,3,2,0
19d2:0052,1,3,2&5,0
19d2:0055,4,2,5,3
19d2:0057,0,3,2,1
19d2:0063,1,3,5,0
19d2:0064,0,2,"",""
19d2:0066,1,3,4,0
19d2:0079,"",2,4,""
19d2:0082,1,3,2,0
19d2:0086,1,3,2,0
19d2:0094,3,0,4&5,""
19d2:0104,1,3,"",0
19d2:0108,1,3,4,0
19d2:0117,1,2,-,0
19d2:0117,1,2,3,0
19d2:0117,1,2,4,0
19d2:0121,1,4,"",0
19d2:0124,1,4,6,0
19d2:0151,1,2,3,0
19d2:0152,2,0,5&6,1
19d2:0157,1,4,6,0
19d2:0167,1,3,5,""
19d2:0170,0,1,3,2
19d2:0257,1,2,4,""
19d2:0265,2,3,5,0
19d2:0284,1,3,5,""
19d2:0317,2,1,-,0
19d2:0326,1,3,5,""
19d2:0330,1,2,-,0
19d2:1003,1,3,"",""
19d2:1008,1,3,"",0
19d2:1010,1,3,"",0
19d2:1015,1,3,"",""
19d2:1018,1,2,4,0
19d2:1173,1,3,"",0
19d2:1176,1,3,"",0
19d2:1203,"",0,7,""
19d2:1252,1,3,5,0
19d2:1253,1,3,4,0
19d2:1254,1,3,5,0
19d2:1268,1,3,5,0
19d2:1300,2,0,-,1
19d2:1402,1,1,3,0
19d2:1589,3,2,6,5
19d2:2002,1,3,"",0
19d2:2003,1,3,-,0
19d2:2003,1,3,4,0
19d2:ffdd,1,0,"",3
19d2:ffe4,1,0,"",2
19d2:ffe8,1,0,-,3
19d2:ffe9,1,0,"",3
19d2:ffeb,0,3,-,2
19d2:ffed,1,0,-,3
19d2:fff1,1,0,5,3
19d2:fffe,1,0,4,3
19d2:ffff,1,0,-,3
1a8d:1002,2,1,0,""
1a8d:1003,1,0,"",""
1a8d:1007,2,0,"",1
1a8d:1008,2,0,"",1
1a8d:1009,2,0,"",1
1a8d:100c,2,0,5,1
1a8d:100d,2,0,5,1
1a8d:2006,"",1,7,""
1a8d:,2,0,"",1
1a8d:,2,1,0,""
1ab7:2000,"",0,"",""
1ab7:5730,3,1,"",0
1ab7:5731,3,1,"",0
1bbb:0000,1,3,2,0
1bbb:0012,2,0,4,1
1bbb:0017,3,5,4,0
1bbb:0052,3,5,4,0
1bbb:00b7,3,4,"",0
1bbb:00ca,2,0,4,1
1bbb:011e,1,3,2,0
1bbb:0203,0,1,3,-
1bbb:022c,1,0,"",2
1c9e:3197,-,0,-,1
1c9e:6000,2,0,"",1
1c9e:6061,2,0,3,1
1c9e:9000,1,3,2,0
1c9e:9104,1,3,2,0
1c9e:9404,1,3,2,0
1c9e:9603,1,2,3,0
1c9e:9605,1,3,4,0
1c9e:9607,1,3,4,0
1c9e:9800,2,1,3,0
1c9e:9801,2,1,4,0
1c9e:9803,2,1,4,0
1c9e:9900,1,2,3,0
1c9e:9a00,2,0,"",1
1c9e:9d00,"",3,"",""
1c9e:9e00,2,0,5,1
1d09:1010,2,0,"",1
1d09:1026,2,0,"",1
1d09:4306,2,0,"",1
1e0e:9000,1,3,2,0
1e0e:9100,1,3,2,0
1e0e:9200,1,3,2,0
1e0e:9a00,1,2,-,0
1e0e:ce16,1,2,3,0
1e0e:ce16,2,0,1,""
1e0e:ce17,1,2,3,0
1e0e:ce1e,1,2,3,0
1e0e:ce28,1,2,3,0
1e0e:cefe,1,2,3,0
1fe7:0100,"",0,"",""
2001:7901,1,3,"",""
2001:7d00,0,0,2,1
2001:7d01,3,2,6,""
2001:7d02,3,2,6,""
2001:7d03,3,2,6,""
2001:7d0b,3,2,6,""
2001:7d0c,3,2,6,""
2001:7d0d,3,2,6,""
2001:7e19,2,1,5,0
201e:1022,1,0,3,""
201e:10f8,2,3,4,0
201e:2009,2,0,3,1
2020:1005,1,3,4,0
2020:1008,1,3,4,0
2020:2000,1,0,2,-
2020:4000,3,2,6,5
2020:4010,3,2,6,5
2077:7001,1,0,3,2
2077:7010,2,0,"",""
2077:7011,2,0,"",""
2077:8000,1,0,3,2
2077:9000,1,2,"",""
2077:9062,1,3,"",""
2077:a000,1,2,"",""
2077:a003,1,2,"",""
20a6:1105,2,0,3,1
20a6:1106,2,0,"",1
230d:0001,"",0,"",""
230d:0003,"",0,"",""
230d:0007,"",0,"",""
230d:000b,"",0,"",""
230d:000d,"",0,"",""
2357:0201,1,3,2,0
2357:0202,1,2,4,0
2357:0203,1,2,3,0
2357:9000,1,3,2,0
